#
# There is insufficient memory for the Java Runtime Environment to continue.
# Native memory allocation (malloc) failed to allocate 325296 bytes for Chunk::new
# Possible reasons:
#   The system is out of physical RAM or swap space
#   In 32 bit mode, the process size limit was hit
# Possible solutions:
#   Reduce memory load on the system
#   Increase physical memory or swap space
#   Check if swap backing store is full
#   Use 64 bit Java on a 64 bit OS
#   Decrease Java heap size (-Xmx/-Xms)
#   Decrease number of Java threads
#   Decrease Java thread stack sizes (-Xss)
#   Set larger code cache with -XX:ReservedCodeCacheSize=
# This output file may be truncated or incomplete.
#
#  Out of Memory Error (allocation.cpp:390), pid=2312, tid=0x00000000000012fc
#
# JRE version: Java(TM) SE Runtime Environment (8.0_144-b01) (build 1.8.0_144-b01)
# Java VM: Java HotSpot(TM) 64-Bit Server VM (25.144-b01 mixed mode windows-amd64 compressed oops)
# Failed to write core dump. Minidumps are not enabled by default on client versions of Windows
#

---------------  T H R E A D  ---------------

Current thread (0x0000000017881800):  JavaThread "C2 CompilerThread0" daemon [_thread_in_native, id=4860, stack(0x0000000018ee0000,0x0000000018fe0000)]

Stack: [0x0000000018ee0000,0x0000000018fe0000]
[error occurred during error reporting (printing stack bounds), id 0xc0000005]

Native frames: (J=compiled Java code, j=interpreted, Vv=VM code, C=native code)


Current CompileTask:
C2:  10631 3016       4       java.net.URLClassLoader$1::run (5 bytes)


---------------  P R O C E S S  ---------------

Java Threads: ( => current thread )
  0x0000000019216800 JavaThread "Service Thread" daemon [_thread_blocked, id=6420, stack(0x00000000195e0000,0x00000000196e0000)]
  0x0000000017887000 JavaThread "C1 CompilerThread2" daemon [_thread_blocked, id=4476, stack(0x00000000190e0000,0x00000000191e0000)]
  0x0000000017884000 JavaThread "C2 CompilerThread1" daemon [_thread_in_native, id=11964, stack(0x0000000018fe0000,0x00000000190e0000)]
=>0x0000000017881800 JavaThread "C2 CompilerThread0" daemon [_thread_in_native, id=4860, stack(0x0000000018ee0000,0x0000000018fe0000)]
  0x000000001787f800 JavaThread "Attach Listener" daemon [_thread_blocked, id=11428, stack(0x0000000018de0000,0x0000000018ee0000)]
  0x000000001787e800 JavaThread "Signal Dispatcher" daemon [_thread_blocked, id=5160, stack(0x0000000018ce0000,0x0000000018de0000)]
  0x0000000002d0d000 JavaThread "Finalizer" daemon [_thread_blocked, id=11272, stack(0x0000000018ad0000,0x0000000018bd0000)]
  0x0000000017849000 JavaThread "Reference Handler" daemon [_thread_blocked, id=6716, stack(0x00000000189d0000,0x0000000018ad0000)]
  0x0000000002b0e000 JavaThread "main" [_thread_in_native, id=3572, stack(0x0000000002b10000,0x0000000002c10000)]

Other Threads:
  0x0000000017847800 VMThread [stack: 0x00000000188d0000,0x00000000189d0000] [id=10596]
  0x000000001923b000 WatcherThread [stack: 0x00000000196e0000,0x00000000197e0000] [id=7792]

VM state:not at safepoint (normal execution)

VM Mutex/Monitor currently owned by a thread: None

Heap:
 PSYoungGen      total 37888K, used 25323K [0x00000000d5c00000, 0x00000000d8d00000, 0x0000000100000000)
  eden space 32768K, 61% used [0x00000000d5c00000,0x00000000d6fc2e50,0x00000000d7c00000)
  from space 5120K, 99% used [0x00000000d7c80000,0x00000000d8178040,0x00000000d8180000)
  to   space 8704K, 0% used [0x00000000d8480000,0x00000000d8480000,0x00000000d8d00000)
 ParOldGen       total 87552K, used 9248K [0x0000000081400000, 0x0000000086980000, 0x00000000d5c00000)
  object space 87552K, 10% used [0x0000000081400000,0x0000000081d08070,0x0000000086980000)
 Metaspace       used 17646K, capacity 18028K, committed 18176K, reserved 1064960K
  class space    used 2158K, capacity 2257K, committed 2304K, reserved 1048576K

Card table byte_map: [0x00000000120d0000,0x00000000124d0000] byte_map_base: 0x0000000011cc6000

Marking Bits: (ParMarkBitMap*) 0x000000005616d850
 Begin Bits: [0x0000000012b80000, 0x0000000014b30000)
 End Bits:   [0x0000000014b30000, 0x0000000016ae0000)

Polling page: 0x00000000012c0000

CodeCache: size=245760Kb used=11129Kb max_used=11129Kb free=234631Kb
 bounds [0x0000000002d10000, 0x0000000003800000, 0x0000000011d10000]
 total_blobs=3441 nmethods=3084 adapters=269
 compilation: enabled

Compilation events (10 events):
Event: 10.046 Thread 0x0000000017887000 3084       3       sun.reflect.generics.parser.SignatureParser::parseTypeArguments (109 bytes)
Event: 10.048 Thread 0x0000000017887000 nmethod 3084 0x00000000037e7f50 code [0x00000000037e81e0, 0x00000000037e9248]
Event: 10.048 Thread 0x0000000017887000 3085   !   3       org.codehaus.plexus.classworlds.realm.ClassRealm::loadClassFromSelf (40 bytes)
Event: 10.048 Thread 0x0000000017887000 nmethod 3085 0x00000000037e9990 code [0x00000000037e9b40, 0x00000000037ea1f8]
Event: 10.048 Thread 0x0000000017887000 3086       3       org.codehaus.plexus.classworlds.realm.ClassRealm::getClassRealmLoadingLock (14 bytes)
Event: 10.048 Thread 0x0000000017887000 nmethod 3086 0x00000000037ea490 code [0x00000000037ea600, 0x00000000037ea808]
Event: 10.066 Thread 0x0000000017887000 3087       3       java.lang.StringBuffer::<init> (7 bytes)
Event: 10.067 Thread 0x0000000017887000 nmethod 3087 0x00000000037ea890 code [0x00000000037eaa00, 0x00000000037eacb0]
Event: 10.067 Thread 0x0000000017887000 3088       3       org.netbeans.shaded.json.simple.JSONValue::escape (276 bytes)
Event: 10.069 Thread 0x0000000017887000 nmethod 3088 0x00000000037eadd0 code [0x00000000037eb1e0, 0x00000000037ee788]

GC Heap History (10 events):
Event: 2.225 GC heap before
{Heap before GC invocations=1 (full 0):
 PSYoungGen      total 38400K, used 33280K [0x00000000d5c00000, 0x00000000d8680000, 0x0000000100000000)
  eden space 33280K, 100% used [0x00000000d5c00000,0x00000000d7c80000,0x00000000d7c80000)
  from space 5120K, 0% used [0x00000000d8180000,0x00000000d8180000,0x00000000d8680000)
  to   space 5120K, 0% used [0x00000000d7c80000,0x00000000d7c80000,0x00000000d8180000)
 ParOldGen       total 87552K, used 0K [0x0000000081400000, 0x0000000086980000, 0x00000000d5c00000)
  object space 87552K, 0% used [0x0000000081400000,0x0000000081400000,0x0000000086980000)
 Metaspace       used 8271K, capacity 8424K, committed 8576K, reserved 1056768K
  class space    used 1023K, capacity 1084K, committed 1152K, reserved 1048576K
Event: 2.230 GC heap after
Heap after GC invocations=1 (full 0):
 PSYoungGen      total 38400K, used 5119K [0x00000000d5c00000, 0x00000000d8680000, 0x0000000100000000)
  eden space 33280K, 0% used [0x00000000d5c00000,0x00000000d5c00000,0x00000000d7c80000)
  from space 5120K, 99% used [0x00000000d7c80000,0x00000000d817ff00,0x00000000d8180000)
  to   space 5120K, 0% used [0x00000000d8180000,0x00000000d8180000,0x00000000d8680000)
 ParOldGen       total 87552K, used 118K [0x0000000081400000, 0x0000000086980000, 0x00000000d5c00000)
  object space 87552K, 0% used [0x0000000081400000,0x000000008141da70,0x0000000086980000)
 Metaspace       used 8271K, capacity 8424K, committed 8576K, reserved 1056768K
  class space    used 1023K, capacity 1084K, committed 1152K, reserved 1048576K
}
Event: 2.741 GC heap before
{Heap before GC invocations=2 (full 0):
 PSYoungGen      total 38400K, used 38399K [0x00000000d5c00000, 0x00000000d8680000, 0x0000000100000000)
  eden space 33280K, 100% used [0x00000000d5c00000,0x00000000d7c80000,0x00000000d7c80000)
  from space 5120K, 99% used [0x00000000d7c80000,0x00000000d817ff00,0x00000000d8180000)
  to   space 5120K, 0% used [0x00000000d8180000,0x00000000d8180000,0x00000000d8680000)
 ParOldGen       total 87552K, used 118K [0x0000000081400000, 0x0000000086980000, 0x00000000d5c00000)
  object space 87552K, 0% used [0x0000000081400000,0x000000008141da70,0x0000000086980000)
 Metaspace       used 12151K, capacity 12328K, committed 12672K, reserved 1060864K
  class space    used 1523K, capacity 1611K, committed 1664K, reserved 1048576K
Event: 2.749 GC heap after
Heap after GC invocations=2 (full 0):
 PSYoungGen      total 38400K, used 5099K [0x00000000d5c00000, 0x00000000d8680000, 0x0000000100000000)
  eden space 33280K, 0% used [0x00000000d5c00000,0x00000000d5c00000,0x00000000d7c80000)
  from space 5120K, 99% used [0x00000000d8180000,0x00000000d867ae50,0x00000000d8680000)
  to   space 5120K, 0% used [0x00000000d7c80000,0x00000000d7c80000,0x00000000d8180000)
 ParOldGen       total 87552K, used 2327K [0x0000000081400000, 0x0000000086980000, 0x00000000d5c00000)
  object space 87552K, 2% used [0x0000000081400000,0x0000000081645ff8,0x0000000086980000)
 Metaspace       used 12151K, capacity 12328K, committed 12672K, reserved 1060864K
  class space    used 1523K, capacity 1611K, committed 1664K, reserved 1048576K
}
Event: 3.884 GC heap before
{Heap before GC invocations=3 (full 0):
 PSYoungGen      total 38400K, used 38379K [0x00000000d5c00000, 0x00000000d8680000, 0x0000000100000000)
  eden space 33280K, 100% used [0x00000000d5c00000,0x00000000d7c80000,0x00000000d7c80000)
  from space 5120K, 99% used [0x00000000d8180000,0x00000000d867ae50,0x00000000d8680000)
  to   space 5120K, 0% used [0x00000000d7c80000,0x00000000d7c80000,0x00000000d8180000)
 ParOldGen       total 87552K, used 2327K [0x0000000081400000, 0x0000000086980000, 0x00000000d5c00000)
  object space 87552K, 2% used [0x0000000081400000,0x0000000081645ff8,0x0000000086980000)
 Metaspace       used 15048K, capacity 15364K, committed 15616K, reserved 1062912K
  class space    used 1847K, capacity 1949K, committed 2048K, reserved 1048576K
Event: 3.895 GC heap after
Heap after GC invocations=3 (full 0):
 PSYoungGen      total 38400K, used 5104K [0x00000000d5c00000, 0x00000000d8680000, 0x0000000100000000)
  eden space 33280K, 0% used [0x00000000d5c00000,0x00000000d5c00000,0x00000000d7c80000)
  from space 5120K, 99% used [0x00000000d7c80000,0x00000000d817c010,0x00000000d8180000)
  to   space 5120K, 0% used [0x00000000d8180000,0x00000000d8180000,0x00000000d8680000)
 ParOldGen       total 87552K, used 4584K [0x0000000081400000, 0x0000000086980000, 0x00000000d5c00000)
  object space 87552K, 5% used [0x0000000081400000,0x000000008187a190,0x0000000086980000)
 Metaspace       used 15048K, capacity 15364K, committed 15616K, reserved 1062912K
  class space    used 1847K, capacity 1949K, committed 2048K, reserved 1048576K
}
Event: 6.199 GC heap before
{Heap before GC invocations=4 (full 0):
 PSYoungGen      total 38400K, used 38384K [0x00000000d5c00000, 0x00000000d8680000, 0x0000000100000000)
  eden space 33280K, 100% used [0x00000000d5c00000,0x00000000d7c80000,0x00000000d7c80000)
  from space 5120K, 99% used [0x00000000d7c80000,0x00000000d817c010,0x00000000d8180000)
  to   space 5120K, 0% used [0x00000000d8180000,0x00000000d8180000,0x00000000d8680000)
 ParOldGen       total 87552K, used 4584K [0x0000000081400000, 0x0000000086980000, 0x00000000d5c00000)
  object space 87552K, 5% used [0x0000000081400000,0x000000008187a190,0x0000000086980000)
 Metaspace       used 15531K, capacity 15830K, committed 16128K, reserved 1062912K
  class space    used 1867K, capacity 1952K, committed 2048K, reserved 1048576K
Event: 6.212 GC heap after
Heap after GC invocations=4 (full 0):
 PSYoungGen      total 38400K, used 5088K [0x00000000d5c00000, 0x00000000d8680000, 0x0000000100000000)
  eden space 33280K, 0% used [0x00000000d5c00000,0x00000000d5c00000,0x00000000d7c80000)
  from space 5120K, 99% used [0x00000000d8180000,0x00000000d8678020,0x00000000d8680000)
  to   space 5120K, 0% used [0x00000000d7c80000,0x00000000d7c80000,0x00000000d8180000)
 ParOldGen       total 87552K, used 6980K [0x0000000081400000, 0x0000000086980000, 0x00000000d5c00000)
  object space 87552K, 7% used [0x0000000081400000,0x0000000081ad12f8,0x0000000086980000)
 Metaspace       used 15531K, capacity 15830K, committed 16128K, reserved 1062912K
  class space    used 1867K, capacity 1952K, committed 2048K, reserved 1048576K
}
Event: 9.758 GC heap before
{Heap before GC invocations=5 (full 0):
 PSYoungGen      total 38400K, used 38368K [0x00000000d5c00000, 0x00000000d8680000, 0x0000000100000000)
  eden space 33280K, 100% used [0x00000000d5c00000,0x00000000d7c80000,0x00000000d7c80000)
  from space 5120K, 99% used [0x00000000d8180000,0x00000000d8678020,0x00000000d8680000)
  to   space 5120K, 0% used [0x00000000d7c80000,0x00000000d7c80000,0x00000000d8180000)
 ParOldGen       total 87552K, used 6980K [0x0000000081400000, 0x0000000086980000, 0x00000000d5c00000)
  object space 87552K, 7% used [0x0000000081400000,0x0000000081ad12f8,0x0000000086980000)
 Metaspace       used 16024K, capacity 16372K, committed 16640K, reserved 1064960K
  class space    used 1905K, capacity 2025K, committed 2048K, reserved 1048576K
Event: 9.779 GC heap after
Heap after GC invocations=5 (full 0):
 PSYoungGen      total 37888K, used 5088K [0x00000000d5c00000, 0x00000000d8d00000, 0x0000000100000000)
  eden space 32768K, 0% used [0x00000000d5c00000,0x00000000d5c00000,0x00000000d7c00000)
  from space 5120K, 99% used [0x00000000d7c80000,0x00000000d8178040,0x00000000d8180000)
  to   space 8704K, 0% used [0x00000000d8480000,0x00000000d8480000,0x00000000d8d00000)
 ParOldGen       total 87552K, used 9248K [0x0000000081400000, 0x0000000086980000, 0x00000000d5c00000)
  object space 87552K, 10% used [0x0000000081400000,0x0000000081d08070,0x0000000086980000)
 Metaspace       used 16024K, capacity 16372K, committed 16640K, reserved 1064960K
  class space    used 1905K, capacity 2025K, committed 2048K, reserved 1048576K
}

Deoptimization events (10 events):
Event: 7.138 Thread 0x0000000002b0e000 Uncommon trap: reason=unstable_if action=reinterpret pc=0x00000000033937cc method=org.codehaus.plexus.util.xml.pull.MXParser.parseAttribute()C @ 995
Event: 8.049 Thread 0x0000000002b0e000 Uncommon trap: reason=class_check action=maybe_recompile pc=0x0000000003668a04 method=org.eclipse.sisu.wire.EntryListAdapter$ValueIterator.hasNext()Z @ 4
Event: 8.054 Thread 0x0000000002b0e000 Uncommon trap: reason=unstable_if action=reinterpret pc=0x00000000036d2f48 method=java.util.concurrent.ConcurrentHashMap.replaceNode(Ljava/lang/Object;Ljava/lang/Object;Ljava/lang/Object;)Ljava/lang/Object; @ 203
Event: 9.733 Thread 0x0000000002b0e000 Uncommon trap: reason=unstable_if action=reinterpret pc=0x0000000003280c5c method=sun.net.www.protocol.jar.Handler.parseURL(Ljava/net/URL;Ljava/lang/String;II)V @ 94
Event: 9.944 Thread 0x0000000002b0e000 Uncommon trap: reason=unstable_if action=reinterpret pc=0x00000000037a3664 method=org.codehaus.plexus.classworlds.realm.Entry.matches(Ljava/lang/String;)Z @ 150
Event: 9.954 Thread 0x0000000002b0e000 Uncommon trap: reason=bimorphic action=maybe_recompile pc=0x0000000003363610 method=java.util.regex.Pattern$CharProperty.match(Ljava/util/regex/Matcher;ILjava/lang/CharSequence;)Z @ 37
Event: 9.983 Thread 0x0000000002b0e000 Uncommon trap: reason=bimorphic action=maybe_recompile pc=0x0000000003363610 method=java.util.regex.Pattern$CharProperty.match(Ljava/util/regex/Matcher;ILjava/lang/CharSequence;)Z @ 37
Event: 9.990 Thread 0x0000000002b0e000 Uncommon trap: reason=bimorphic action=maybe_recompile pc=0x0000000003363610 method=java.util.regex.Pattern$CharProperty.match(Ljava/util/regex/Matcher;ILjava/lang/CharSequence;)Z @ 37
Event: 10.003 Thread 0x0000000002b0e000 Uncommon trap: reason=bimorphic action=maybe_recompile pc=0x0000000003363610 method=java.util.regex.Pattern$CharProperty.match(Ljava/util/regex/Matcher;ILjava/lang/CharSequence;)Z @ 37
Event: 10.011 Thread 0x0000000002b0e000 Uncommon trap: reason=null_check action=make_not_entrant pc=0x000000000359b3f4 method=com.google.inject.internal.InjectorImpl.callInContext(Lcom/google/inject/internal/ContextualCallable;)Ljava/lang/Object; @ 7

Internal exceptions (10 events):
Event: 3.028 Thread 0x0000000002b0e000 Exception <a 'java/lang/NullPointerException'> (0x00000000d68959a8) thrown at [C:\re\workspace\8-2-build-windows-amd64-cygwin\jdk8u144\9417\hotspot\src\share\vm\interpreter\linkResolver.cpp, line 1197]
Event: 3.030 Thread 0x0000000002b0e000 Exception <a 'java/lang/NullPointerException'> (0x00000000d68ab978) thrown at [C:\re\workspace\8-2-build-windows-amd64-cygwin\jdk8u144\9417\hotspot\src\share\vm\interpreter\linkResolver.cpp, line 1197]
Event: 3.030 Thread 0x0000000002b0e000 Exception <a 'java/lang/NullPointerException'> (0x00000000d68abb90) thrown at [C:\re\workspace\8-2-build-windows-amd64-cygwin\jdk8u144\9417\hotspot\src\share\vm\interpreter\linkResolver.cpp, line 1197]
Event: 3.030 Thread 0x0000000002b0e000 Exception <a 'java/lang/NullPointerException'> (0x00000000d68abda8) thrown at [C:\re\workspace\8-2-build-windows-amd64-cygwin\jdk8u144\9417\hotspot\src\share\vm\interpreter\linkResolver.cpp, line 1197]
Event: 3.340 Thread 0x0000000002b0e000 Implicit null exception at 0x00000000030ec6d5 to 0x00000000030ec8ad
Event: 3.340 Thread 0x0000000002b0e000 Implicit null exception at 0x000000000300b16f to 0x000000000300b1d9
Event: 3.570 Thread 0x0000000002b0e000 Implicit null exception at 0x000000000334d623 to 0x000000000334da55
Event: 9.937 Thread 0x0000000002b0e000 Exception <a 'java/lang/NoClassDefFoundError': org/sonatype/aether/version/VersionConstraint> (0x00000000d6820140) thrown at [C:\re\workspace\8-2-build-windows-amd64-cygwin\jdk8u144\9417\hotspot\src\share\vm\classfile\systemDictionary.cpp, line 199]
Event: 9.981 Thread 0x0000000002b0e000 Exception <a 'java/lang/NoClassDefFoundError': org/codehaus/plexus/util/interpolation/ValueSource> (0x00000000d69ffa50) thrown at [C:\re\workspace\8-2-build-windows-amd64-cygwin\jdk8u144\9417\hotspot\src\share\vm\classfile\systemDictionary.cpp, line 199]
Event: 10.011 Thread 0x0000000002b0e000 Implicit null exception at 0x000000000359a2e8 to 0x000000000359b3e5

Events (10 events):
Event: 10.064 loading class org/apache/maven/plugin/dependency/utils/filters/DestFileFilter
Event: 10.064 loading class org/apache/maven/plugin/dependency/utils/filters/DestFileFilter done
Event: 10.064 loading class org/apache/maven/plugin/dependency/utils/filters/DestFileFilter
Event: 10.064 loading class org/apache/maven/plugin/dependency/utils/filters/DestFileFilter done
Event: 10.064 loading class org/apache/maven/plugin/dependency/utils/filters/DestFileFilter
Event: 10.064 loading class org/apache/maven/plugin/dependency/utils/filters/DestFileFilter done
Event: 10.065 loading class org/apache/maven/shared/artifact/filter/collection/AbstractArtifactsFilter
Event: 10.065 loading class org/apache/maven/shared/artifact/filter/collection/AbstractArtifactsFilter done
Event: 10.065 loading class org/apache/maven/shared/artifact/filter/collection/AbstractArtifactsFilter
Event: 10.065 loading class org/apache/maven/shared/artifact/filter/collection/AbstractArtifactsFilter done


Dynamic libraries:
0x00007ff706280000 - 0x00007ff7062b7000 	G:\JAVA\JDK\bin\java.exe
0x00007ffa2d550000 - 0x00007ffa2d72b000 	C:\WINDOWS\SYSTEM32\ntdll.dll
0x00007ffa2c480000 - 0x00007ffa2c52e000 	C:\WINDOWS\System32\KERNEL32.DLL
0x00007ffa2a070000 - 0x00007ffa2a2b9000 	C:\WINDOWS\System32\KERNELBASE.dll
0x00007ffa2c670000 - 0x00007ffa2c711000 	C:\WINDOWS\System32\ADVAPI32.dll
0x00007ffa2c5d0000 - 0x00007ffa2c66d000 	C:\WINDOWS\System32\msvcrt.dll
0x00007ffa2cee0000 - 0x00007ffa2cf39000 	C:\WINDOWS\System32\sechost.dll
0x00007ffa2cf70000 - 0x00007ffa2d095000 	C:\WINDOWS\System32\RPCRT4.dll
0x00007ffa2d0a0000 - 0x00007ffa2d1ea000 	C:\WINDOWS\System32\USER32.dll
0x00007ffa29ea0000 - 0x00007ffa29ebe000 	C:\WINDOWS\System32\win32u.dll
0x00007ffa2cf40000 - 0x00007ffa2cf67000 	C:\WINDOWS\System32\GDI32.dll
0x00007ffa29a70000 - 0x00007ffa29bf8000 	C:\WINDOWS\System32\gdi32full.dll
0x00007ffa2a310000 - 0x00007ffa2a3aa000 	C:\WINDOWS\System32\msvcp_win.dll
0x00007ffa29ec0000 - 0x00007ffa29fb6000 	C:\WINDOWS\System32\ucrtbase.dll
0x00007ffa16c20000 - 0x00007ffa16e87000 	C:\WINDOWS\WinSxS\amd64_microsoft.windows.common-controls_6595b64144ccf1df_6.0.15063.483_none_26002d27e7c744a2\COMCTL32.dll
0x00007ffa2c180000 - 0x00007ffa2c479000 	C:\WINDOWS\System32\combase.dll
0x00007ffa29e30000 - 0x00007ffa29e9a000 	C:\WINDOWS\System32\bcryptPrimitives.dll
0x00007ffa2c810000 - 0x00007ffa2c83d000 	C:\WINDOWS\System32\IMM32.DLL
0x0000000056ed0000 - 0x0000000056fa2000 	G:\JAVA\JDK\jre\bin\msvcr100.dll
0x0000000055950000 - 0x00000000561ed000 	G:\JAVA\JDK\jre\bin\server\jvm.dll
0x00007ffa2ced0000 - 0x00007ffa2ced8000 	C:\WINDOWS\System32\PSAPI.DLL
0x00007ffa27c10000 - 0x00007ffa27c33000 	C:\WINDOWS\SYSTEM32\WINMM.dll
0x00007ffa23fc0000 - 0x00007ffa23fc9000 	C:\WINDOWS\SYSTEM32\WSOCK32.dll
0x00007ffa1c9c0000 - 0x00007ffa1c9ca000 	C:\WINDOWS\SYSTEM32\VERSION.dll
0x00007ffa2c720000 - 0x00007ffa2c78c000 	C:\WINDOWS\System32\WS2_32.dll
0x00007ffa27950000 - 0x00007ffa2797b000 	C:\WINDOWS\SYSTEM32\WINMMBASE.dll
0x00007ffa2a2c0000 - 0x00007ffa2a309000 	C:\WINDOWS\System32\cfgmgr32.dll
0x0000000057820000 - 0x000000005782f000 	G:\JAVA\JDK\jre\bin\verify.dll
0x0000000057220000 - 0x0000000057249000 	G:\JAVA\JDK\jre\bin\java.dll
0x0000000057680000 - 0x0000000057696000 	G:\JAVA\JDK\jre\bin\zip.dll
0x00007ffa2aab0000 - 0x00007ffa2bee7000 	C:\WINDOWS\System32\SHELL32.dll
0x00007ffa2d4a0000 - 0x00007ffa2d54a000 	C:\WINDOWS\System32\shcore.dll
0x00007ffa2a3b0000 - 0x00007ffa2aaa2000 	C:\WINDOWS\System32\windows.storage.dll
0x00007ffa2c120000 - 0x00007ffa2c171000 	C:\WINDOWS\System32\shlwapi.dll
0x00007ffa299e0000 - 0x00007ffa299f1000 	C:\WINDOWS\System32\kernel.appcore.dll
0x00007ffa29a20000 - 0x00007ffa29a6c000 	C:\WINDOWS\System32\powrprof.dll
0x00007ffa29a00000 - 0x00007ffa29a15000 	C:\WINDOWS\System32\profapi.dll
0x00007ffa25310000 - 0x00007ffa2531a000 	G:\MAVEN\lib\jansi-native\windows64\jansi.dll
0x0000000057200000 - 0x000000005721a000 	G:\JAVA\JDK\jre\bin\net.dll
0x00007ffa29270000 - 0x00007ffa292cc000 	C:\WINDOWS\system32\mswsock.dll
0x0000000055930000 - 0x0000000055941000 	G:\JAVA\JDK\jre\bin\nio.dll

VM Arguments:
jvm_args: -Dclassworlds.conf=G:\MAVEN\bin\..\bin\m2.conf -Dmaven.home=G:\MAVEN\bin\.. -Dmaven.multiModuleProjectDirectory=G:\PROJECTS\JobFinder 
java_command: org.codehaus.plexus.classworlds.launcher.Launcher -Dmaven.ext.class.path=G:\IDE\NetBeans 8.2\java\maven-nblib\netbeans-eventspy.jar -Dfile.encoding=UTF-8 install
java_class_path (initial): G:\MAVEN\bin\..\boot\plexus-classworlds-2.5.2.jar
Launcher Type: SUN_STANDARD

Environment Variables:
JAVA_HOME=G:\JAVA\JDK
PATH=C:\ProgramData\Oracle\Java\javapath;C:\app\skibi_000\product\12.1.0\dbhome_2\bin;C:\app\skibi_000\product\12.1.0\dbhome_1\bin;C:\Program Files (x86)\Lenovo\FusionEngine;C:\Program Files (x86)\Intel\iCLS Client\;C:\Program Files\Intel\iCLS Client\;C:\Program Files (x86)\NVIDIA Corporation\PhysX\Common;C:\WINDOWS\system32;C:\WINDOWS;C:\WINDOWS\System32\Wbem;C:\WINDOWS\System32\WindowsPowerShell\v1.0\;C:\Program Files\Intel\Intel(R) Management Engine Components\DAL;C:\Program Files (x86)\Intel\Intel(R) Management Engine Components\DAL;C:\Program Files\Intel\Intel(R) Management Engine Components\IPT;C:\Program Files (x86)\Intel\Intel(R) Management Engine Components\IPT;C:\Program Files\Intel\WiFi\bin\;C:\Program Files\Common Files\Intel\WirelessCommon\;C:\Program Files (x86)\Common Files\lenovo\easyplussdk\bin;C:\Program Files\Microsoft SQL Server\120\Tools\Binn\;C:\Program Files\Microsoft SQL Server\Client SDK\ODBC\110\Tools\Binn\;C:\Program Files (x86)\Microsoft SQL Server\120\Tools\Binn\;C:\Program Files\Microsoft SQL Server\120\DTS\Binn\;C:\Program Files (x86)\Microsoft SQL Server\120\Tools\Binn\ManagementStudio\;C:\Program Files (x86)\Microsoft SQL Server\120\DTS\Binn\;C:\Strawberry\c\bin;C:\Strawberry\perl\site\bin;C:\Strawberry\perl\bin;C:\Program Files\MiKTeX 2.9\miktex\bin\x64\;C:\OpenCV-3.1.0\opencv\build\x64\vc14\bin;C:\CooCox\CoIDE\gcc\bin;C:\Program Files\Java\jdk1.8.0_65\bin;C:\Users\skibi_000\Documents\NetBeansPlugins\apache-tomcat-8.0.35\bin;C:\Program Files\Mozilla Firefox 46;C:\Program Files (x86)\GtkSharp\2.12\bin;C:\WINDOWS\system32;C:\WINDOWS;C:\WINDOWS\System32\Wbem;C:\WINDOWS\System32\WindowsPowerShell\v1.0\;C:\Program Files\Microsoft SQL Server\130\Tools\Binn\;C:\Program Files (x86)\Windows Kits\8.1\Windows Performance Toolkit\;C:\Program Files\Microsoft\Web Platform Installer\;C:\Program Files\Git\cmd;%MAVEN_HOME%\bin;C:\Users\skibi_000\AppData\Local\Microsoft\WindowsApps;
USERNAME=skibi_000
OS=Windows_NT
PROCESSOR_IDENTIFIER=Intel64 Family 6 Model 61 Stepping 4, GenuineIntel



---------------  S Y S T E M  ---------------

OS: Windows 10.0 , 64 bit Build 15063 (10.0.15063.296)

CPU:total 4 (initial active 4) (2 cores per cpu, 2 threads per core) family 6 model 61 stepping 4, cmov, cx8, fxsr, mmx, sse, sse2, sse3, ssse3, sse4.1, sse4.2, popcnt, avx, avx2, aes, clmul, erms, 3dnowpref, lzcnt, ht, tsc, tscinvbit, bmi1, bmi2, adx

Memory: 4k page, physical 8301008k(863844k free), swap 8301008k(4320k free)

vm_info: Java HotSpot(TM) 64-Bit Server VM (25.144-b01) for windows-amd64 JRE (1.8.0_144-b01), built on Jul 21 2017 21:57:33 by "java_re" with MS VC++ 10.0 (VS2010)

time: Sat Aug 05 12:38:15 2017
elapsed time: 10 seconds (0d 0h 0m 10s)

